[02-Apr-2019 07:48:08 UTC] PHP Fatal error:  Call to a member function execute() on a non-object in /home/ubuntu/workspace/theft/web/Data Entry/match.php on line 66
[02-Apr-2019 07:48:08 UTC] PHP Stack trace:
[02-Apr-2019 07:48:08 UTC] PHP   1. {main}() /home/ubuntu/workspace/theft/web/Data Entry/match.php:0
[02-Apr-2019 07:49:20 UTC] PHP Fatal error:  Call to a member function bind_param() on a non-object in /home/ubuntu/workspace/theft/web/Data Entry/match.php on line 66
[02-Apr-2019 07:49:20 UTC] PHP Stack trace:
[02-Apr-2019 07:49:20 UTC] PHP   1. {main}() /home/ubuntu/workspace/theft/web/Data Entry/match.php:0
[02-Apr-2019 07:49:36 UTC] PHP Fatal error:  Call to a member function bind_param() on a non-object in /home/ubuntu/workspace/theft/web/Data Entry/match.php on line 66
[02-Apr-2019 07:49:36 UTC] PHP Stack trace:
[02-Apr-2019 07:49:36 UTC] PHP   1. {main}() /home/ubuntu/workspace/theft/web/Data Entry/match.php:0
[02-Apr-2019 07:49:56 UTC] PHP Fatal error:  Call to a member function bind_param() on a non-object in /home/ubuntu/workspace/theft/web/Data Entry/match.php on line 66
[02-Apr-2019 07:49:56 UTC] PHP Stack trace:
[02-Apr-2019 07:49:56 UTC] PHP   1. {main}() /home/ubuntu/workspace/theft/web/Data Entry/match.php:0
[02-Apr-2019 07:50:15 UTC] PHP Fatal error:  Call to a member function bind_param() on a non-object in /home/ubuntu/workspace/theft/web/Data Entry/match.php on line 66
[02-Apr-2019 07:50:15 UTC] PHP Stack trace:
[02-Apr-2019 07:50:15 UTC] PHP   1. {main}() /home/ubuntu/workspace/theft/web/Data Entry/match.php:0
[02-Apr-2019 07:54:08 UTC] PHP Fatal error:  Call to a member function prepare() on a non-object in /home/ubuntu/workspace/theft/web/Data Entry/match.php on line 64
[02-Apr-2019 07:54:08 UTC] PHP Stack trace:
[02-Apr-2019 07:54:08 UTC] PHP   1. {main}() /home/ubuntu/workspace/theft/web/Data Entry/match.php:0
[02-Apr-2019 07:54:34 UTC] PHP Fatal error:  Call to a member function prepare() on a non-object in /home/ubuntu/workspace/theft/web/Data Entry/match.php on line 64
[02-Apr-2019 07:54:34 UTC] PHP Stack trace:
[02-Apr-2019 07:54:34 UTC] PHP   1. {main}() /home/ubuntu/workspace/theft/web/Data Entry/match.php:0
[02-Apr-2019 07:56:00 UTC] PHP Fatal error:  Call to a member function prepare() on a non-object in /home/ubuntu/workspace/theft/web/Data Entry/match.php on line 64
[02-Apr-2019 07:56:00 UTC] PHP Stack trace:
[02-Apr-2019 07:56:00 UTC] PHP   1. {main}() /home/ubuntu/workspace/theft/web/Data Entry/match.php:0
[02-Apr-2019 07:56:09 UTC] PHP Fatal error:  Call to a member function prepare() on a non-object in /home/ubuntu/workspace/theft/web/Data Entry/match.php on line 64
[02-Apr-2019 07:56:09 UTC] PHP Stack trace:
[02-Apr-2019 07:56:09 UTC] PHP   1. {main}() /home/ubuntu/workspace/theft/web/Data Entry/match.php:0
[02-Apr-2019 07:56:42 UTC] PHP Fatal error:  Call to a member function prepare() on a non-object in /home/ubuntu/workspace/theft/web/Data Entry/match.php on line 64
[02-Apr-2019 07:56:42 UTC] PHP Stack trace:
[02-Apr-2019 07:56:42 UTC] PHP   1. {main}() /home/ubuntu/workspace/theft/web/Data Entry/match.php:0
[02-Apr-2019 07:59:55 UTC] PHP Fatal error:  Call to a member function bind_param() on a non-object in /home/ubuntu/workspace/theft/web/Data Entry/match.php on line 61
[02-Apr-2019 07:59:55 UTC] PHP Stack trace:
[02-Apr-2019 07:59:55 UTC] PHP   1. {main}() /home/ubuntu/workspace/theft/web/Data Entry/match.php:0
[02-Apr-2019 08:00:47 UTC] PHP Fatal error:  Call to a member function bind_param() on a non-object in /home/ubuntu/workspace/theft/web/Data Entry/match.php on line 61
[02-Apr-2019 08:00:47 UTC] PHP Stack trace:
[02-Apr-2019 08:00:47 UTC] PHP   1. {main}() /home/ubuntu/workspace/theft/web/Data Entry/match.php:0
[02-Apr-2019 08:01:07 UTC] PHP Fatal error:  Call to a member function bind_param() on a non-object in /home/ubuntu/workspace/theft/web/Data Entry/match.php on line 61
[02-Apr-2019 08:01:07 UTC] PHP Stack trace:
[02-Apr-2019 08:01:07 UTC] PHP   1. {main}() /home/ubuntu/workspace/theft/web/Data Entry/match.php:0
[02-Apr-2019 08:03:43 UTC] PHP Fatal error:  Call to a member function bind_param() on a non-object in /home/ubuntu/workspace/theft/web/Data Entry/match.php on line 61
[02-Apr-2019 08:03:43 UTC] PHP Stack trace:
[02-Apr-2019 08:03:43 UTC] PHP   1. {main}() /home/ubuntu/workspace/theft/web/Data Entry/match.php:0
[02-Apr-2019 08:05:39 UTC] PHP Fatal error:  Call to a member function bind_param() on a non-object in /home/ubuntu/workspace/theft/web/Data Entry/match.php on line 61
[02-Apr-2019 08:05:39 UTC] PHP Stack trace:
[02-Apr-2019 08:05:39 UTC] PHP   1. {main}() /home/ubuntu/workspace/theft/web/Data Entry/match.php:0
[02-Apr-2019 08:05:53 UTC] PHP Fatal error:  Call to a member function prepare() on a non-object in /home/ubuntu/workspace/theft/web/Data Entry/match.php on line 60
[02-Apr-2019 08:05:53 UTC] PHP Stack trace:
[02-Apr-2019 08:05:53 UTC] PHP   1. {main}() /home/ubuntu/workspace/theft/web/Data Entry/match.php:0
[02-Apr-2019 08:06:07 UTC] PHP Fatal error:  Call to a member function bind_param() on a non-object in /home/ubuntu/workspace/theft/web/Data Entry/match.php on line 61
[02-Apr-2019 08:06:07 UTC] PHP Stack trace:
[02-Apr-2019 08:06:07 UTC] PHP   1. {main}() /home/ubuntu/workspace/theft/web/Data Entry/match.php:0
[02-Apr-2019 08:07:21 UTC] PHP Fatal error:  Call to a member function bind_param() on a non-object in /home/ubuntu/workspace/theft/web/Data Entry/match.php on line 61
[02-Apr-2019 08:07:21 UTC] PHP Stack trace:
[02-Apr-2019 08:07:21 UTC] PHP   1. {main}() /home/ubuntu/workspace/theft/web/Data Entry/match.php:0
[02-Apr-2019 08:12:40 UTC] PHP Warning:  mysql_close() expects parameter 1 to be resource, object given in /home/ubuntu/workspace/theft/web/Data Entry/match.php on line 92
[02-Apr-2019 08:12:40 UTC] PHP Stack trace:
[02-Apr-2019 08:12:40 UTC] PHP   1. {main}() /home/ubuntu/workspace/theft/web/Data Entry/match.php:0
[02-Apr-2019 08:12:40 UTC] PHP   2. mysql_close() /home/ubuntu/workspace/theft/web/Data Entry/match.php:92
[02-Apr-2019 08:13:34 UTC] PHP Catchable fatal error:  Object of class mysqli_result could not be converted to string in /home/ubuntu/workspace/theft/web/Data Entry/match.php on line 28
[02-Apr-2019 08:13:34 UTC] PHP Stack trace:
[02-Apr-2019 08:13:34 UTC] PHP   1. {main}() /home/ubuntu/workspace/theft/web/Data Entry/match.php:0
[02-Apr-2019 17:10:51 UTC] PHP Fatal error:  Call to a member function execute() on a non-object in /home/ubuntu/workspace/theft/web/Data Entry/Sus.php on line 61
[02-Apr-2019 17:10:51 UTC] PHP Stack trace:
[02-Apr-2019 17:10:51 UTC] PHP   1. {main}() /home/ubuntu/workspace/theft/web/Data Entry/Sus.php:0
